<?xml version="1.0" encoding="UTF-8"?>
<!-- Generated by org.testng.reporters.JUnitReportReporter -->
<testsuite hostname="inlen8520038267" failures="0" tests="1" name="Testcases.Test_4" time="79.882" errors="0" timestamp="2024-01-09T17:57:52 IST" skipped="0">
  <testcase classname="Testcases.Test_4" name="Scenario4" time="79.882"/>
  <system-out/>
</testsuite> <!-- Testcases.Test_4 -->
