<?xml version="1.0" encoding="UTF-8"?>
<!-- Generated by org.testng.reporters.JUnitReportReporter -->
<testsuite hostname="inlen8520038267" failures="0" tests="1" name="Testcases.Test_1" time="30.745" errors="0" timestamp="2024-08-09T13:53:44 IST" skipped="0">
  <testcase classname="Testcases.Test_1" name="Scenario1" time="30.745"/>
  <system-out/>
</testsuite> <!-- Testcases.Test_1 -->
