<?xml version="1.0" encoding="UTF-8"?>
<!-- Generated by org.testng.reporters.JUnitReportReporter -->
<testsuite hostname="inlen8520038267" failures="0" tests="1" name="Testcases.Test_5" time="82.669" errors="0" timestamp="2024-01-09T17:29:51 IST" skipped="0">
  <testcase classname="Testcases.Test_5" name="Scenario5" time="82.669"/>
  <system-out/>
</testsuite> <!-- Testcases.Test_5 -->
