<?xml version="1.0" encoding="UTF-8"?>
<!-- Generated by org.testng.reporters.JUnitReportReporter -->
<testsuite hostname="inlen8520038267" failures="0" tests="1" name="Testcases.Test_3" time="44.261" errors="0" timestamp="2024-05-03T20:05:15 IST" skipped="0">
  <testcase classname="Testcases.Test_3" name="Scenario3" time="44.261"/>
  <system-out/>
</testsuite> <!-- Testcases.Test_3 -->
