<?xml version="1.0" encoding="UTF-8"?>
<!-- Generated by org.testng.reporters.JUnitReportReporter -->
<testsuite hostname="inlen8520038267" failures="0" tests="1" name="Testcases.Test_2" time="49.094" errors="0" timestamp="2024-05-03T19:45:44 IST" skipped="0">
  <testcase classname="Testcases.Test_2" name="Scenario2" time="49.094"/>
  <system-out/>
</testsuite> <!-- Testcases.Test_2 -->
