<?xml version="1.0" encoding="UTF-8"?>
<!-- Generated by org.testng.reporters.JUnitReportReporter -->
<testsuite hostname="inlen8520038267" failures="0" tests="1" name="Testcases.Logintest" time="34.730" errors="0" timestamp="2023-12-21T18:49:12 IST" skipped="0">
  <testcase classname="Testcases.Logintest" name="tc1" time="34.730"/>
  <system-out/>
</testsuite> <!-- Testcases.Logintest -->
